This is pdfTeX, Version 3.14159-13d (Web2C 7.3.1) (format=pdflatex 2000.4.24)  20 JAN 2002 11:55
**tutorial.tex
(tutorial.tex[/usr/share/texmf/pdftex/config/pdftex.cfg]
LaTeX2e <1999/12/01> patch level 1
Babel <v3.6Z> and hyphenation patterns for american, french, german, ngerman, n
ohyphenation, loaded.
(/usr/share/texmf/tex/latex/base/article.cls
Document Class: article 1999/09/10 v1.4a Standard LaTeX document class
(/usr/share/texmf/tex/latex/base/size12.clo
File: size12.clo 1999/09/10 v1.4a Standard LaTeX file (size option)
)
\c@part=\count79
\c@section=\count80
\c@subsection=\count81
\c@subsubsection=\count82
\c@paragraph=\count83
\c@subparagraph=\count84
\c@figure=\count85
\c@table=\count86
\abovecaptionskip=\skip41
\belowcaptionskip=\skip42
\bibindent=\dimen102
)
(/usr/share/texmf/tex/latex/tools/verbatim.sty
Package: verbatim 2000/01/07 v1.5m LaTeX2e package for verbatim enhancements
\every@verbatim=\toks14
\verbatim@line=\toks15
\verbatim@in@stream=\read1
) (tutorial.aux)
\openout1 = `tutorial.aux'.

LaTeX Font Info:    Checking defaults for OML/cmm/m/it on input line 16.
LaTeX Font Info:    ... okay on input line 16.
LaTeX Font Info:    Checking defaults for T1/cmr/m/n on input line 16.
LaTeX Font Info:    ... okay on input line 16.
LaTeX Font Info:    Checking defaults for OT1/cmr/m/n on input line 16.
LaTeX Font Info:    ... okay on input line 16.
LaTeX Font Info:    Checking defaults for OMS/cmsy/m/n on input line 16.
LaTeX Font Info:    ... okay on input line 16.
LaTeX Font Info:    Checking defaults for OMX/cmex/m/n on input line 16.
LaTeX Font Info:    ... okay on input line 16.
LaTeX Font Info:    Checking defaults for U/cmr/m/n on input line 16.
LaTeX Font Info:    ... okay on input line 16.
LaTeX Font Info:    External font `cmex10' loaded for size
(Font)              <14.4> on input line 27.
LaTeX Font Info:    External font `cmex10' loaded for size
(Font)              <7> on input line 27.
 [1

[/usr/share/texmf/dvips/config/pdftex.map]] (tutorial.toc
LaTeX Font Info:    External font `cmex10' loaded for size
(Font)              <12> on input line 4.
LaTeX Font Info:    External font `cmex10' loaded for size
(Font)              <8> on input line 4.
LaTeX Font Info:    External font `cmex10' loaded for size
(Font)              <6> on input line 4.
)
\tf@toc=\write3
\openout3 = `tutorial.toc'.

 [2]
LaTeX Font Info:    External font `cmex10' loaded for size
(Font)              <5> on input line 56.
 [3] [4]
File: example1.c  (verbatim)
 [5]
File: example2.c  (verbatim)
 [6]
Overfull \hbox (17.5502pt too wide) in paragraph at lines 171--171
[]  \OT1/cmtt/m/n/12 frame_size=AVRget_frame_idx(avifile, 0, bigbuffer, &frame_
type);[] 
 []


Overfull \hbox (17.5502pt too wide) in paragraph at lines 171--171
[]  \OT1/cmtt/m/n/12 frame_size=AVRget_frame_idx(avifile, 0, bigbuffer, &frame_
type);[] 
 []


Overfull \hbox (17.5502pt too wide) in paragraph at lines 171--171
[]  \OT1/cmtt/m/n/12 frame_size=AVRget_frame_idx(avifile, 0, bigbuffer, &frame_
type);[] 
 []

[7]
Overfull \hbox (17.5502pt too wide) in paragraph at lines 171--171
[]  \OT1/cmtt/m/n/12 frame_size=AVRget_frame_idx(avifile, 1, bigbuffer, &frame_
type);[] 
 []

[8] [9] (tutorial.aux) ) 
Here is how much of TeX's memory you used:
 287 strings out of 10631
 2991 string characters out of 68573
 48868 words of memory out of 263001
 3305 multiletter control sequences out of 10000+0
 10927 words of font info for 38 fonts, out of 400000 for 1000
 14 hyphenation exceptions out of 1000
 23i,8n,19p,136b,303s stack positions out of 300i,100n,500p,50000b,4000s
<cmti10.pfb><cmr10.pfb><cmr7.pfb><cmr8.pfb><cmcsc10.pfb
><cmbx12.pfb><cmtt12.pfb><cmr12.pfb><cmr17.pfb><cmti12.pfb>
Output written on tutorial.pdf (9 pages, 102948 bytes).
